2026-06-15 19:20:53.029312 ==============================================================================
2026-06-15 19:20:53.035771 TestCases
2026-06-15 19:20:53.035903 ==============================================================================
2026-06-15 19:20:55.969501 TestCases.EX01 Login Resources :: This is the test case file
2026-06-15 19:20:56.000543 ==============================================================================
2026-06-15 19:26:26.330616 [ WARN ] Retrying (Retry(total=2, connect=None, read=None, redirect=None, status=None)) after connection broken by 'ReadTimeoutError("HTTPConnectionPool(host='localhost', port=62003): Read timed out. (read timeout=120)")': /session/8c5110712c564aba9757ff060de1aaee/screenshot
2026-06-15 19:28:26.407478 [ WARN ] Retrying (Retry(total=1, connect=None, read=None, redirect=None, status=None)) after connection broken by 'ReadTimeoutError("HTTPConnectionPool(host='localhost', port=62003): Read timed out. (read timeout=120)")': /session/8c5110712c564aba9757ff060de1aaee/screenshot
2026-06-15 19:30:26.430060 [ WARN ] Retrying (Retry(total=0, connect=None, read=None, redirect=None, status=None)) after connection broken by 'ReadTimeoutError("HTTPConnectionPool(host='localhost', port=62003): Read timed out. (read timeout=120)")': /session/8c5110712c564aba9757ff060de1aaee/screenshot
2026-06-15 19:30:44.795700 [ WARN ] Keyword 'Capture Page Screenshot' could not be run on failure: 'NoneType' object has no attribute 'encode'
2026-06-15 19:30:49.651582 Verification of Login with Valid credentials                          | FAIL |
2026-06-15 19:30:49.700050 Setup failed:
2026-06-15 19:30:49.700149 ReadTimeoutError: HTTPConnectionPool(host='localhost', port=62003): Read timed out. (read timeout=120)
2026-06-15 19:30:49.700198 ------------------------------------------------------------------------------
2026-06-15 19:30:49.700240 TestCases.EX01 Login Resources :: This is the test case file          | FAIL |
2026-06-15 19:30:49.702529 1 test, 0 passed, 1 failed
2026-06-15 19:30:49.702571 ==============================================================================
2026-06-15 19:30:49.702595 TestCases                                                             | FAIL |
2026-06-15 19:30:49.702621 1 test, 0 passed, 1 failed
2026-06-15 19:30:49.702673 ==============================================================================
2026-06-15 19:30:49.702706 Output:  C:\Users\SURYA\PycharmProjects\Automation\pabot_results\1\output.xml
