2026-06-15 19:20:53.029413 ==============================================================================
2026-06-15 19:20:53.035464 TestCases
2026-06-15 19:20:53.035513 ==============================================================================
2026-06-15 19:20:55.969542 TestCases.EX01 Login Resources :: This is the test case file
2026-06-15 19:20:56.000877 ==============================================================================
2026-06-15 19:26:26.398779 [ WARN ] Retrying (Retry(total=2, connect=None, read=None, redirect=None, status=None)) after connection broken by 'ReadTimeoutError("HTTPConnectionPool(host='localhost', port=62000): Read timed out. (read timeout=120)")': /session/3c8f484466836c3b75585b44357cff61/screenshot
2026-06-15 19:28:26.407589 [ WARN ] Retrying (Retry(total=1, connect=None, read=None, redirect=None, status=None)) after connection broken by 'ReadTimeoutError("HTTPConnectionPool(host='localhost', port=62000): Read timed out. (read timeout=120)")': /session/3c8f484466836c3b75585b44357cff61/screenshot
2026-06-15 19:30:26.429854 [ WARN ] Retrying (Retry(total=0, connect=None, read=None, redirect=None, status=None)) after connection broken by 'ReadTimeoutError("HTTPConnectionPool(host='localhost', port=62000): Read timed out. (read timeout=120)")': /session/3c8f484466836c3b75585b44357cff61/screenshot
2026-06-15 19:30:56.234006 [ WARN ] Keyword 'Capture Page Screenshot' could not be run on failure: 'NoneType' object has no attribute 'encode'
2026-06-15 19:31:01.383218 Verification of Clicking the 'Forgot your password?' link             | FAIL |
2026-06-15 19:31:01.393749 Setup failed:
2026-06-15 19:31:01.394481 ReadTimeoutError: HTTPConnectionPool(host='localhost', port=62000): Read timed out. (read timeout=120)
2026-06-15 19:31:01.394702 ------------------------------------------------------------------------------
2026-06-15 19:31:01.394786 TestCases.EX01 Login Resources :: This is the test case file          | FAIL |
2026-06-15 19:31:01.540970 1 test, 0 passed, 1 failed
2026-06-15 19:31:01.541047 ==============================================================================
2026-06-15 19:31:01.541069 TestCases                                                             | FAIL |
2026-06-15 19:31:01.541086 1 test, 0 passed, 1 failed
2026-06-15 19:31:01.541101 ==============================================================================
2026-06-15 19:31:01.541116 Output:  C:\Users\SURYA\PycharmProjects\Automation\pabot_results\6\output.xml
